(base) <myuser>@<myserver>:~$ clearml-agent daemon --foreground --queue "services" --cpu-only --docker python:3.8
Current configuration (clearml_agent v1.5.2, location: /home01/<myuser>/clearml.conf):
----------------------
api.version = 1.5
api.verify_certificate = true
api.default_version = 1.5
api.http.max_req_size = 15728640
api.http.retries.total = 240
api.http.retries.connect = 240
api.http.retries.read = 240
api.http.retries.redirect = 240
api.http.retries.status = 240
api.http.retries.backoff_factor = 1.0
api.http.retries.backoff_max = 120.0
api.http.wait_on_maintenance_forever = true
api.http.pool_maxsize = 512
api.http.pool_connections = 512
api.api_server = <api server>
api.web_server = files_server: <file server>
api.credentials.access_key = <myaccesskey>
api.host = <api server>
sdk.storage.cache.default_base_dir = ~/.clearml/cache
sdk.storage.cache.size.min_free_bytes = 10GB
sdk.storage.direct_access.0.url = file://*
sdk.metrics.file_history_size = 100
sdk.metrics.matplotlib_untitled_history_size = 100
sdk.metrics.images.format = JPEG
sdk.metrics.images.quality = 87
sdk.metrics.images.subsampling = 0
sdk.metrics.tensorboard_single_series_per_graph = false
sdk.network.metrics.file_upload_threads = 4
sdk.network.metrics.file_upload_starvation_warning_sec = 120
sdk.network.iteration.max_retries_on_server_error = 5
sdk.network.iteration.retry_backoff_factor_sec = 10
sdk.aws.s3.key =
sdk.aws.s3.region =
sdk.aws.boto3.pool_connections = 512
sdk.aws.boto3.max_multipart_concurrency = 16
sdk.log.null_log_propagate = false
sdk.log.task_log_buffer_capacity = 66
sdk.log.disable_urllib3_info = true
sdk.development.task_reuse_time_window_in_hours = 72.0
sdk.development.vcs_repo_detect_async = true
sdk.development.store_uncommitted_code_diff = true
sdk.development.support_stopping = true
sdk.development.default_output_uri = <file server>
sdk.development.force_analyze_entire_repo = false
sdk.development.suppress_update_message = false
sdk.development.detect_with_pip_freeze = false
sdk.development.worker.report_period_sec = 2
sdk.development.worker.ping_period_sec = 30
sdk.development.worker.log_stdout = true
sdk.development.worker.report_global_mem_used = false
agent.worker_id =
agent.worker_name = <myserver>
agent.force_git_ssh_protocol = false
agent.python_binary =
agent.package_manager.type = pip
agent.package_manager.pip_version.0 = <20.2 ; python_version < '3.10'
agent.package_manager.pip_version.1 = <22.3 ; python_version >\= '3.10'
agent.package_manager.system_site_packages = false
agent.package_manager.force_upgrade = false
agent.package_manager.conda_channels.0 = pytorch
agent.package_manager.conda_channels.1 = conda-forge
agent.package_manager.conda_channels.2 = defaults
agent.package_manager.priority_optional_packages.0 = pygobject
agent.package_manager.torch_nightly = false
agent.package_manager.poetry_files_from_repo_working_dir = false
agent.venvs_dir = /home01/<myuser>/.clearml/venvs-builds
agent.venvs_cache.max_entries = 10
agent.venvs_cache.free_space_threshold_gb = 2.0
agent.venvs_cache.path = ~/.clearml/venvs-cache
agent.vcs_cache.enabled = true
agent.vcs_cache.path = /home01/<myuser>/.clearml/vcs-cache
agent.venv_update.enabled = false
agent.pip_download_cache.enabled = true
agent.pip_download_cache.path = /home01/<myuser>/.clearml/pip-download-cache
agent.translate_ssh = true
agent.reload_config = false
agent.docker_pip_cache = /home01/<myuser>/.clearml/pip-cache
agent.docker_apt_cache = /home01/<myuser>/.clearml/apt-cache
agent.docker_force_pull = false
agent.default_docker.image = nvidia/cuda:10.2-cudnn7-runtime-ubuntu18.04
agent.enable_task_env = false
agent.hide_docker_command_env_vars.enabled = true
agent.hide_docker_command_env_vars.parse_embedded_urls = true
agent.abort_callback_max_timeout = 1800
agent.docker_internal_mounts.sdk_cache = /clearml_agent_cache
agent.docker_internal_mounts.apt_cache = /var/cache/apt/archives
agent.docker_internal_mounts.ssh_folder = ~/.ssh
agent.docker_internal_mounts.ssh_ro_folder = /.ssh
agent.docker_internal_mounts.pip_cache = /root/.cache/pip
agent.docker_internal_mounts.poetry_cache = /root/.cache/pypoetry
agent.docker_internal_mounts.vcs_cache = /root/.clearml/vcs-cache
agent.docker_internal_mounts.venv_build = ~/.clearml/venvs-builds
agent.docker_internal_mounts.pip_download = /root/.clearml/pip-download-cache
agent.apply_environment = true
agent.apply_files = true
agent.custom_build_script =
agent.disable_task_docker_override = false
agent.git_user = <myusergit>
agent.default_python = 3.10
agent.cuda_version = 0
agent.cudnn_version = 0

Worker "<myserver>:cpu:0" - Listening to queues:
+----------------------------------+----------+-------+
| id                               | name     | tags  |
+----------------------------------+----------+-------+
| 4d2d3a4eb12a435cbd2d406ceafd8f6f | services |       |
+----------------------------------+----------+-------+

Running in Docker mode (v19.03 and above) - using default docker image: python:3.8

No tasks in queue 4d2d3a4eb12a435cbd2d406ceafd8f6f
No tasks in Queues, sleeping for 5.0 seconds
No tasks in queue 4d2d3a4eb12a435cbd2d406ceafd8f6f
No tasks in Queues, sleeping for 5.0 seconds
No tasks in queue 4d2d3a4eb12a435cbd2d406ceafd8f6f
No tasks in Queues, sleeping for 5.0 seconds
No tasks in queue 4d2d3a4eb12a435cbd2d406ceafd8f6f
No tasks in Queues, sleeping for 5.0 seconds
No tasks in queue 4d2d3a4eb12a435cbd2d406ceafd8f6f
No tasks in Queues, sleeping for 5.0 seconds
No tasks in queue 4d2d3a4eb12a435cbd2d406ceafd8f6f
No tasks in Queues, sleeping for 5.0 seconds
No tasks in queue 4d2d3a4eb12a435cbd2d406ceafd8f6f
No tasks in Queues, sleeping for 5.0 seconds
No tasks in queue 4d2d3a4eb12a435cbd2d406ceafd8f6f
No tasks in Queues, sleeping for 5.0 seconds
No tasks in queue 4d2d3a4eb12a435cbd2d406ceafd8f6f
No tasks in Queues, sleeping for 5.0 seconds
No tasks in queue 4d2d3a4eb12a435cbd2d406ceafd8f6f
No tasks in Queues, sleeping for 5.0 seconds
task 96c7c9d7b37a4dac965a693b0174d8a6 pulled from 4d2d3a4eb12a435cbd2d406ceafd8f6f by worker <myserver>:cpu:0
Running task '96c7c9d7b37a4dac965a693b0174d8a6'
Storing stdout and stderr log to '/tmp/.clearml_agent_out.lrm0w0xg.txt', '/tmp/.clearml_agent_out.lrm0w0xg.txt'
Failed creating temporary copy of ~/.ssh for git credential, creating a new temp folder
Failed creating temporary copy of ~/.ssh for git credential, removing mount!
Running Task 96c7c9d7b37a4dac965a693b0174d8a6 inside docker: python:3.8 arguments: []
Executing: ['docker', 'run', '-t', '-l', 'clearml-worker-id=<myserver>:cpu:0', '-l', 'clearml-parent-worker-id=<myserver>:cpu:0', '-e', 'CLEARML_WORKER_ID=<myserver>:cpu:0', '-e', 'CLEARML_DOCKER_IMAGE=python:3.8', '-e', 'CLEARML_TASK_ID=96c7c9d7b37a4dac965a693b0174d8a6', '-v', '/tmp/.clearml_agent.gv2y3mps.cfg:/tmp/clearml.conf', '-e', 'CLEARML_CONFIG_FILE=/tmp/clearml.conf', '-v', '/home01/<myuser>/.clearml/apt-cache:/var/cache/apt/archives', '-v', '/home01/<myuser>/.clearml/pip-cache:/root/.cache/pip', '-v', '/home01/<myuser>/.clearml/pip-download-cache:/root/.clearml/pip-download-cache', '-v', '/home01/<myuser>/.clearml/cache:/clearml_agent_cache', '-v', '/home01/<myuser>/.clearml/vcs-cache:/root/.clearml/vcs-cache', '-v', '/home01/<myuser>/.clearml/venvs-cache:/root/.clearml/venvs-cache', '--rm', 'python:3.8', 'bash', '-c', 'echo \'Binary::apt::APT::Keep-Downloaded-Packages "true";\' > /etc/apt/apt.conf.d/docker-clean ; chown -R root /root/.cache/pip ; export DEBIAN_FRONTEND=noninteractive ; export CLEARML_APT_INSTALL="$CLEARML_APT_INSTALL libsm6 libxext6 libxrender-dev libglib2.0-0" ; [ ! -z $(which git) ] || export CLEARML_APT_INSTALL="$CLEARML_APT_INSTALL git" ; declare LOCAL_PYTHON ; [ ! -z $LOCAL_PYTHON ] || for i in {15..5}; do which python3.$i && python3.$i -m pip --version && export LOCAL_PYTHON=$(which python3.$i) && break ; done ; [ ! -z $LOCAL_PYTHON ] || export CLEARML_APT_INSTALL="$CLEARML_APT_INSTALL python3-pip" ; [ -z "$CLEARML_APT_INSTALL" ] || (apt-get update -y ; apt-get install -y $CLEARML_APT_INSTALL) ; [ ! -z $LOCAL_PYTHON ] || export LOCAL_PYTHON=python3 ; $LOCAL_PYTHON -m pip install -U "pip<20.2 ; python_version < \'3.10\'" "pip<22.3 ; python_version >= \'3.10\'" ; $LOCAL_PYTHON -m pip install -U clearml-agent ; cp /tmp/clearml.conf ~/default_clearml.conf ; NVIDIA_VISIBLE_DEVICES=none $LOCAL_PYTHON -u -m clearml_agent execute --disable-monitoring  --id 96c7c9d7b37a4dac965a693b0174d8a6']
Running Docker:
Executing: ['docker', 'run', '-t', '-l', 'clearml-worker-id=<myserver>:cpu:0', '-l', 'clearml-parent-worker-id=<myserver>:cpu:0', '-e', 'CLEARML_WORKER_ID=<myserver>:cpu:0', '-e', 'CLEARML_DOCKER_IMAGE=python:3.8', '-e', 'CLEARML_TASK_ID=96c7c9d7b37a4dac965a693b0174d8a6', '-v', '/tmp/.clearml_agent.gv2y3mps.cfg:/tmp/clearml.conf', '-e', 'CLEARML_CONFIG_FILE=/tmp/clearml.conf', '-v', '/home01/<myuser>/.clearml/apt-cache:/var/cache/apt/archives', '-v', '/home01/<myuser>/.clearml/pip-cache:/root/.cache/pip', '-v', '/home01/<myuser>/.clearml/pip-download-cache:/root/.clearml/pip-download-cache', '-v', '/home01/<myuser>/.clearml/cache:/clearml_agent_cache', '-v', '/home01/<myuser>/.clearml/vcs-cache:/root/.clearml/vcs-cache', '-v', '/home01/<myuser>/.clearml/venvs-cache:/root/.clearml/venvs-cache', '--rm', 'python:3.8', 'bash', '-c', 'echo \'Binary::apt::APT::Keep-Downloaded-Packages "true";\' > /etc/apt/apt.conf.d/docker-clean ; chown -R root /root/.cache/pip ; export DEBIAN_FRONTEND=noninteractive ; export CLEARML_APT_INSTALL="$CLEARML_APT_INSTALL libsm6 libxext6 libxrender-dev libglib2.0-0" ; [ ! -z $(which git) ] || export CLEARML_APT_INSTALL="$CLEARML_APT_INSTALL git" ; declare LOCAL_PYTHON ; [ ! -z $LOCAL_PYTHON ] || for i in {15..5}; do which python3.$i && python3.$i -m pip --version && export LOCAL_PYTHON=$(which python3.$i) && break ; done ; [ ! -z $LOCAL_PYTHON ] || export CLEARML_APT_INSTALL="$CLEARML_APT_INSTALL python3-pip" ; [ -z "$CLEARML_APT_INSTALL" ] || (apt-get update -y ; apt-get install -y $CLEARML_APT_INSTALL) ; [ ! -z $LOCAL_PYTHON ] || export LOCAL_PYTHON=python3 ; $LOCAL_PYTHON -m pip install -U "pip<20.2 ; python_version < \'3.10\'" "pip<22.3 ; python_version >= \'3.10\'" ; $LOCAL_PYTHON -m pip install -U clearml-agent ; cp /tmp/clearml.conf ~/default_clearml.conf ; NVIDIA_VISIBLE_DEVICES=none $LOCAL_PYTHON -u -m clearml_agent execute --disable-monitoring  --id 96c7c9d7b37a4dac965a693b0174d8a6']

/usr/bin/python3.11
/usr/bin/python3.11: No module named pip
/usr/local/bin/python3.8
pip 23.0.1 from /usr/local/lib/python3.8/site-packages/pip (python 3.8)
0% [Working]
Get:1 http://deb.debian.org/debian bookworm InRelease [147 kB]
Get:2 http://deb.debian.org/debian bookworm-updates InRelease [52.1 kB]
Get:3 http://deb.debian.org/debian-security bookworm-security InRelease [48.0 kB]
Get:4 http://deb.debian.org/debian bookworm/main amd64 Packages [8904 kB]
Get:5 http://deb.debian.org/debian-security bookworm-security/main amd64 Packages [47.3 kB]
Fetched 9199 kB in 5s (1770 kB/s)
Reading package lists... 0%




libsm6 is already the newest version (2:1.2.3-1).
libsm6 set to manually installed.
libxext6 is already the newest version (2:1.3.4-1+b1).
libxext6 set to manually installed.
libxrender-dev is already the newest version (1:0.9.10-1.1).
libxrender-dev set to manually installed.
libglib2.0-0 is already the newest version (2.74.6-2).
libglib2.0-0 set to manually installed.
0 upgraded, 0 newly installed, 0 to remove and 1 not upgraded.
Ignoring pip: markers 'python_version >= "3.10"' don't match your environment
Collecting pip<20.2
  Using cached pip-20.1.1-py2.py3-none-any.whl (1.5 MB)
Installing collected packages: pip
  Attempting uninstall: pip
    Found existing installation: pip 23.0.1
    Uninstalling pip-23.0.1:
      Successfully uninstalled pip-23.0.1
Successfully installed pip-20.1.1
WARNING: Running pip as the 'root' user can result in broken permissions and conflicting behaviour with the system package manager. It is recommended to use a virtual environment instead: https://pip.pypa.io/warnings/venv

Collecting clearml-agent
  Using cached clearml_agent-1.5.2-py3-none-any.whl (401 kB)
Collecting jsonschema<5.0.0,>=2.6.0
  Downloading jsonschema-4.18.0-py3-none-any.whl (81 kB)
     |¦¦¦¦¦¦¦¦¦¦¦¦¦¦¦¦¦¦¦¦¦¦¦¦¦¦¦¦¦¦¦¦| 81 kB 270 kB/s
Collecting pathlib2<2.4.0,>=2.3.0
  Using cached pathlib2-2.3.7.post1-py2.py3-none-any.whl (18 kB)
Collecting psutil<5.10.0,>=3.4.2
  Using cached psutil-5.9.5-cp36-abi3-manylinux_2_12_x86_64.manylinux2010_x86_64.manylinux_2_17_x86_64.manylinux2014_x86_64.whl (282 kB)
Collecting urllib3<1.27.0,>=1.21.1
  Using cached urllib3-1.26.16-py2.py3-none-any.whl (143 kB)
Collecting requests<2.29.0,>=2.20.0
  Using cached requests-2.28.2-py3-none-any.whl (62 kB)
Collecting furl<2.2.0,>=2.0.0
  Using cached furl-2.1.3-py2.py3-none-any.whl (20 kB)
Collecting PyYAML<6.1,>=3.12
  Using cached PyYAML-6.0-cp38-cp38-manylinux_2_5_x86_64.manylinux1_x86_64.manylinux_2_12_x86_64.manylinux2010_x86_64.whl (701 kB)
Collecting attrs<23.0.0,>=18.0
  Using cached attrs-22.2.0-py3-none-any.whl (60 kB)
Collecting six<1.17.0,>=1.13.0
  Using cached six-1.16.0-py2.py3-none-any.whl (11 kB)
Collecting virtualenv<21,>=16
  Using cached virtualenv-20.23.1-py3-none-any.whl (3.3 MB)
Collecting pyjwt<2.7.0,>=2.4.0
  Using cached PyJWT-2.6.0-py3-none-any.whl (20 kB)
Collecting python-dateutil<2.9.0,>=2.4.2
  Using cached python_dateutil-2.8.2-py2.py3-none-any.whl (247 kB)
Collecting pyparsing<3.1.0,>=2.0.3
  Using cached pyparsing-3.0.9-py3-none-any.whl (98 kB)
Collecting rpds-py>=0.7.1
  Downloading rpds_py-0.7.1-cp38-cp38-manylinux_2_17_x86_64.manylinux2014_x86_64.whl (1.1 MB)
     |¦¦¦¦?                           | 174 kB 429 kB/s eta 0:00:03
     |¦¦¦¦¦¦¦¦¦¦¦¦¦¦¦¦¦¦¦¦¦¦¦¦¦¦¦¦¦¦¦¦| 1.1 MB 310 kB/s
Collecting jsonschema-specifications>=2023.03.6
  Downloading jsonschema_specifications-2023.6.1-py3-none-any.whl (17 kB)
Collecting importlib-resources>=1.4.0; python_version < "3.9"
  Using cached importlib_resources-5.12.0-py3-none-any.whl (36 kB)
Collecting pkgutil-resolve-name>=1.3.10; python_version < "3.9"
  Using cached pkgutil_resolve_name-1.3.10-py3-none-any.whl (4.7 kB)
Collecting referencing>=0.28.4
  Downloading referencing-0.29.1-py3-none-any.whl (25 kB)
Collecting charset-normalizer<4,>=2
  Using cached charset_normalizer-3.1.0-cp38-cp38-manylinux_2_17_x86_64.manylinux2014_x86_64.whl (195 kB)
Collecting certifi>=2017.4.17
  Using cached certifi-2023.5.7-py3-none-any.whl (156 kB)
Collecting idna<4,>=2.5
  Using cached idna-3.4-py3-none-any.whl (61 kB)
Collecting orderedmultidict>=1.0.1
  Using cached orderedmultidict-1.0.1-py2.py3-none-any.whl (11 kB)
Collecting platformdirs<4,>=3.5.1
  Using cached platformdirs-3.8.0-py3-none-any.whl (16 kB)
Collecting filelock<4,>=3.12
  Using cached filelock-3.12.2-py3-none-any.whl (10 kB)
Collecting distlib<1,>=0.3.6
  Using cached distlib-0.3.6-py2.py3-none-any.whl (468 kB)
Collecting zipp>=3.1.0; python_version < "3.10"
  Using cached zipp-3.15.0-py3-none-any.whl (6.8 kB)
Installing collected packages: attrs, rpds-py, referencing, zipp, importlib-resources, jsonschema-specifications, pkgutil-resolve-name, jsonschema, six, pathlib2, psutil, urllib3, charset-normalizer, certifi, idna, requests, orderedmultidict, furl, PyYAML, platformdirs, filelock, distlib, virtualenv, pyjwt, python-dateutil, pyparsing, clearml-agent
Successfully installed PyYAML-6.0 attrs-22.2.0 certifi-2023.5.7 charset-normalizer-3.1.0 clearml-agent-1.5.2 distlib-0.3.6 filelock-3.12.2 furl-2.1.3 idna-3.4 importlib-resources-5.12.0 jsonschema-4.18.0 jsonschema-specifications-2023.6.1 orderedmultidict-1.0.1 pathlib2-2.3.7.post1 pkgutil-resolve-name-1.3.10 platformdirs-3.8.0 psutil-5.9.5 pyjwt-2.6.0 pyparsing-3.0.9 python-dateutil-2.8.2 referencing-0.29.1 requests-2.28.2 rpds-py-0.7.1 six-1.16.0 urllib3-1.26.16 virtualenv-20.23.1 zipp-3.15.0
WARNING: You are using pip version 20.1.1; however, version 23.1.2 is available.
You should consider upgrading via the '/usr/local/bin/python3.8 -m pip install --upgrade pip' command.
Current configuration (clearml_agent v1.5.2, location: /tmp/clearml.conf):
----------------------
sdk.storage.cache.default_base_dir = /clearml_agent_cache
sdk.storage.cache.size.min_free_bytes = 10GB
sdk.storage.direct_access.0.url = file://*
sdk.metrics.file_history_size = 100
sdk.metrics.matplotlib_untitled_history_size = 100
sdk.metrics.images.format = JPEG
sdk.metrics.images.quality = 87
sdk.metrics.images.subsampling = 0
sdk.metrics.tensorboard_single_series_per_graph = false
sdk.network.metrics.file_upload_threads = 4
sdk.network.metrics.file_upload_starvation_warning_sec = 120
sdk.network.iteration.max_retries_on_server_error = 5
sdk.network.iteration.retry_backoff_factor_sec = 10
sdk.aws.s3.key =
sdk.aws.s3.region =
sdk.aws.boto3.pool_connections = 512
sdk.aws.boto3.max_multipart_concurrency = 16
sdk.log.null_log_propagate = false
sdk.log.task_log_buffer_capacity = 66
sdk.log.disable_urllib3_info = true
sdk.development.task_reuse_time_window_in_hours = 72.0
sdk.development.vcs_repo_detect_async = true
sdk.development.store_uncommitted_code_diff = true
sdk.development.support_stopping = true
sdk.development.default_output_uri = <file server>
sdk.development.force_analyze_entire_repo = false
sdk.development.suppress_update_message = false
sdk.development.detect_with_pip_freeze = false
sdk.development.worker.report_period_sec = 2
sdk.development.worker.ping_period_sec = 30
sdk.development.worker.log_stdout = true
sdk.development.worker.report_global_mem_used = false
agent.worker_id = <myserver>:cpu:0
agent.worker_name = <myserver>
agent.force_git_ssh_protocol = false
agent.python_binary =
agent.package_manager.type = pip
agent.package_manager.pip_version.0 = <20.2 ; python_version < '3.10'
agent.package_manager.pip_version.1 = <22.3 ; python_version >\= '3.10'
agent.package_manager.system_site_packages = true
agent.package_manager.force_upgrade = false
agent.package_manager.conda_channels.0 = pytorch
agent.package_manager.conda_channels.1 = conda-forge
agent.package_manager.conda_channels.2 = defaults
agent.package_manager.priority_optional_packages.0 = pygobject
agent.package_manager.torch_nightly = false
agent.package_manager.poetry_files_from_repo_working_dir = false
agent.package_manager.conda_env_as_base_docker = false
agent.venvs_dir = /root/.clearml/venvs-builds
agent.venvs_cache.max_entries = 10
agent.venvs_cache.free_space_threshold_gb = 2.0
agent.venvs_cache.path = /root/.clearml/venvs-cache
agent.vcs_cache.enabled = true
agent.vcs_cache.path = /root/.clearml/vcs-cache
agent.venv_update.enabled = false
agent.pip_download_cache.enabled = true
agent.pip_download_cache.path = /root/.clearml/pip-download-cache
agent.translate_ssh = true
agent.reload_config = false
agent.docker_pip_cache = /home01/<myuser>/.clearml/pip-cache
agent.docker_apt_cache = /home01/<myuser>/.clearml/apt-cache
agent.docker_force_pull = false
agent.default_docker.image = nvidia/cuda:10.2-cudnn7-runtime-ubuntu18.04
agent.enable_task_env = false
agent.hide_docker_command_env_vars.enabled = true
agent.hide_docker_command_env_vars.parse_embedded_urls = true
agent.abort_callback_max_timeout = 1800
agent.docker_internal_mounts.sdk_cache = /clearml_agent_cache
agent.docker_internal_mounts.apt_cache = /var/cache/apt/archives
agent.docker_internal_mounts.ssh_folder = ~/.ssh
agent.docker_internal_mounts.ssh_ro_folder = /.ssh
agent.docker_internal_mounts.pip_cache = /root/.cache/pip
agent.docker_internal_mounts.poetry_cache = /root/.cache/pypoetry
agent.docker_internal_mounts.vcs_cache = /root/.clearml/vcs-cache
agent.docker_internal_mounts.venv_build = ~/.clearml/venvs-builds
agent.docker_internal_mounts.pip_download = /root/.clearml/pip-download-cache
agent.apply_environment = true
agent.apply_files = true
agent.custom_build_script =
agent.disable_task_docker_override = false
agent.git_user = <myusergit>
agent.default_python = 3.8
agent.cuda_version = 0
agent.cudnn_version = 0
api.version = 1.5
api.verify_certificate = true
api.default_version = 1.5
api.http.max_req_size = 15728640
api.http.retries.total = 240
api.http.retries.connect = 240
api.http.retries.read = 240
api.http.retries.redirect = 240
api.http.retries.status = 240
api.http.retries.backoff_factor = 1.0
api.http.retries.backoff_max = 120.0
api.http.wait_on_maintenance_forever = true
api.http.pool_maxsize = 512
api.http.pool_connections = 512
api.api_server = <api server>
api.web_server = files_server: <file server>
api.credentials.access_key = <myaccesskey>
api.host = <api server>

Executing task id [96c7c9d7b37a4dac965a693b0174d8a6]:
repository = https://github.com/RaviNaik/asteroid_example.git
branch = main
version_num = 1e96e7d11b7f9c66ae8565b5715bef66aea2b4eb
tag =
docker_cmd = python:3.8
entry_point = get_data.py
working_dir = .

RuntimeError: can't start new thread

clearml_agent: ERROR: Command '['python3.8', '-m', 'virtualenv', '/root/.clearml/venvs-builds/3.8', '--system-site-packages']' returned non-zero exit status 1.


Leaving process id 24689
DONE: Running task '96c7c9d7b37a4dac965a693b0174d8a6', exit status 1
Process failed, exit code 1No tasks in queue 4d2d3a4eb12a435cbd2d406ceafd8f6f
No tasks in Queues, sleeping for 5.0 seconds
No tasks in queue 4d2d3a4eb12a435cbd2d406ceafd8f6f
No tasks in Queues, sleeping for 5.0 seconds
